CRITICAL - 2025-02-20 11:11:10 --> ErrorException: include(components/form): Failed to open stream: No such file or directory
[Method: GET, Route: contact-us]
in APPPATH/Views/contact_us.php on line 149.
 1 APPPATH/Views/contact_us.php(149): CodeIgniter\Debug\Exceptions->errorHandler()
 2 APPPATH/Views/contact_us.php(149): include()
 3 SYSTEMPATH/View/View.php(234): include('/home/codesol1/zyzha.com/app/Views/contact_us.php')
 4 SYSTEMPATH/View/View.php(237): CodeIgniter\View\View->CodeIgniter\View\{closure}()
 5 SYSTEMPATH/Common.php(1171): CodeIgniter\View\View->render()
 6 APPPATH/Controllers/Contact_us.php(19): view()
 7 SYSTEMPATH/CodeIgniter.php(933): App\Controllers\Contact_us->index()
 8 SYSTEMPATH/CodeIgniter.php(509): CodeIgniter\CodeIgniter->runController()
 9 SYSTEMPATH/CodeIgniter.php(355): CodeIgniter\CodeIgniter->handleRequest()
10 SYSTEMPATH/Boot.php(325): CodeIgniter\CodeIgniter->run()
11 SYSTEMPATH/Boot.php(67): CodeIgniter\Boot::runCodeIgniter()
12 FCPATH/index.php(56): CodeIgniter\Boot::bootWeb()
CRITICAL - 2025-02-20 11:37:53 --> CodeIgniter\View\Exceptions\ViewException: Invalid file: "five_ways_your_business_loan_gives_you_tax_benefits.php"
[Method: GET, Route: five-ways-your-business-loan-gives-you-tax-benefits]
in SYSTEMPATH/Exceptions/FrameworkException.php on line 41.
 1 SYSTEMPATH/View/View.php(222): CodeIgniter\Exceptions\FrameworkException::forInvalidFile()
 2 SYSTEMPATH/Common.php(1171): CodeIgniter\View\View->render()
 3 APPPATH/Controllers/Five_ways_your_business_loan_gives_you_tax_benefits.php(19): view()
 4 SYSTEMPATH/CodeIgniter.php(933): App\Controllers\Five_ways_your_business_loan_gives_you_tax_benefits->index()
 5 SYSTEMPATH/CodeIgniter.php(509): CodeIgniter\CodeIgniter->runController()
 6 SYSTEMPATH/CodeIgniter.php(355): CodeIgniter\CodeIgniter->handleRequest()
 7 SYSTEMPATH/Boot.php(325): CodeIgniter\CodeIgniter->run()
 8 SYSTEMPATH/Boot.php(67): CodeIgniter\Boot::runCodeIgniter()
 9 FCPATH/index.php(56): CodeIgniter\Boot::bootWeb()
CRITICAL - 2025-02-20 11:38:03 --> CodeIgniter\View\Exceptions\ViewException: Invalid file: "five_ways_your_business_loan_gives_you_tax_benefits.php"
[Method: GET, Route: five-ways-your-business-loan-gives-you-tax-benefits]
in SYSTEMPATH/Exceptions/FrameworkException.php on line 41.
 1 SYSTEMPATH/View/View.php(222): CodeIgniter\Exceptions\FrameworkException::forInvalidFile()
 2 SYSTEMPATH/Common.php(1171): CodeIgniter\View\View->render()
 3 APPPATH/Controllers/Five_ways_your_business_loan_gives_you_tax_benefits.php(19): view()
 4 SYSTEMPATH/CodeIgniter.php(933): App\Controllers\Five_ways_your_business_loan_gives_you_tax_benefits->index()
 5 SYSTEMPATH/CodeIgniter.php(509): CodeIgniter\CodeIgniter->runController()
 6 SYSTEMPATH/CodeIgniter.php(355): CodeIgniter\CodeIgniter->handleRequest()
 7 SYSTEMPATH/Boot.php(325): CodeIgniter\CodeIgniter->run()
 8 SYSTEMPATH/Boot.php(67): CodeIgniter\Boot::runCodeIgniter()
 9 FCPATH/index.php(56): CodeIgniter\Boot::bootWeb()
