CRITICAL - 2024-10-01 07:51:15 --> CodeIgniter\View\Exceptions\ViewException: Invalid file: "nirman_vihar_delhi.php"
[Method: GET, Route: nirman-vihar-delhi]
in SYSTEMPATH\Exceptions\FrameworkException.php on line 41.
 1 SYSTEMPATH\View\View.php(222): CodeIgniter\Exceptions\FrameworkException::forInvalidFile('nirman_vihar_delhi.php')
 2 SYSTEMPATH\Common.php(1171): CodeIgniter\View\View->render('nirman_vihar_delhi', [], true)
 3 APPPATH\Controllers\Nirman_vihar_delhi.php(9): view('nirman_vihar_delhi')
 4 SYSTEMPATH\CodeIgniter.php(933): App\Controllers\Nirman_vihar_delhi->index()
 5 SYSTEMPATH\CodeIgniter.php(509): CodeIgniter\CodeIgniter->runController(Object(App\Controllers\Nirman_vihar_delhi))
 6 SYSTEMPATH\CodeIgniter.php(355): CodeIgniter\CodeIgniter->handleRequest(null, Object(Config\Cache), false)
 7 SYSTEMPATH\Boot.php(325): CodeIgniter\CodeIgniter->run()
 8 SYSTEMPATH\Boot.php(67): CodeIgniter\Boot::runCodeIgniter(Object(CodeIgniter\CodeIgniter))
 9 FCPATH\index.php(56): CodeIgniter\Boot::bootWeb(Object(Config\Paths))
10 SYSTEMPATH\rewrite.php(44): require_once('C:\\xampp\\htdocs\\moople\\public\\index.php')
CRITICAL - 2024-10-01 07:51:20 --> CodeIgniter\View\Exceptions\ViewException: Invalid file: "nirman_vihar_delhi.php"
[Method: GET, Route: nirman-vihar-delhi]
in SYSTEMPATH\Exceptions\FrameworkException.php on line 41.
 1 SYSTEMPATH\View\View.php(222): CodeIgniter\Exceptions\FrameworkException::forInvalidFile('nirman_vihar_delhi.php')
 2 SYSTEMPATH\Common.php(1171): CodeIgniter\View\View->render('nirman_vihar_delhi', [], true)
 3 APPPATH\Controllers\Nirman_vihar_delhi.php(9): view('nirman_vihar_delhi')
 4 SYSTEMPATH\CodeIgniter.php(933): App\Controllers\Nirman_vihar_delhi->index()
 5 SYSTEMPATH\CodeIgniter.php(509): CodeIgniter\CodeIgniter->runController(Object(App\Controllers\Nirman_vihar_delhi))
 6 SYSTEMPATH\CodeIgniter.php(355): CodeIgniter\CodeIgniter->handleRequest(null, Object(Config\Cache), false)
 7 SYSTEMPATH\Boot.php(325): CodeIgniter\CodeIgniter->run()
 8 SYSTEMPATH\Boot.php(67): CodeIgniter\Boot::runCodeIgniter(Object(CodeIgniter\CodeIgniter))
 9 FCPATH\index.php(56): CodeIgniter\Boot::bootWeb(Object(Config\Paths))
10 SYSTEMPATH\rewrite.php(44): require_once('C:\\xampp\\htdocs\\moople\\public\\index.php')
CRITICAL - 2024-10-01 07:51:44 --> CodeIgniter\View\Exceptions\ViewException: Invalid file: "nirman_vihar_delhi.php"
[Method: GET, Route: nirman-vihar-delhi]
in SYSTEMPATH\Exceptions\FrameworkException.php on line 41.
 1 SYSTEMPATH\View\View.php(222): CodeIgniter\Exceptions\FrameworkException::forInvalidFile('nirman_vihar_delhi.php')
 2 SYSTEMPATH\Common.php(1171): CodeIgniter\View\View->render('nirman_vihar_delhi', [], true)
 3 APPPATH\Controllers\Nirman_vihar_delhi.php(9): view('nirman_vihar_delhi')
 4 SYSTEMPATH\CodeIgniter.php(933): App\Controllers\Nirman_vihar_delhi->index()
 5 SYSTEMPATH\CodeIgniter.php(509): CodeIgniter\CodeIgniter->runController(Object(App\Controllers\Nirman_vihar_delhi))
 6 SYSTEMPATH\CodeIgniter.php(355): CodeIgniter\CodeIgniter->handleRequest(null, Object(Config\Cache), false)
 7 SYSTEMPATH\Boot.php(325): CodeIgniter\CodeIgniter->run()
 8 SYSTEMPATH\Boot.php(67): CodeIgniter\Boot::runCodeIgniter(Object(CodeIgniter\CodeIgniter))
 9 FCPATH\index.php(56): CodeIgniter\Boot::bootWeb(Object(Config\Paths))
10 SYSTEMPATH\rewrite.php(44): require_once('C:\\xampp\\htdocs\\moople\\public\\index.php')
CRITICAL - 2024-10-01 07:51:48 --> CodeIgniter\View\Exceptions\ViewException: Invalid file: "nirman_vihar_delhi.php"
[Method: GET, Route: nirman-vihar-delhi]
in SYSTEMPATH\Exceptions\FrameworkException.php on line 41.
 1 SYSTEMPATH\View\View.php(222): CodeIgniter\Exceptions\FrameworkException::forInvalidFile('nirman_vihar_delhi.php')
 2 SYSTEMPATH\Common.php(1171): CodeIgniter\View\View->render('nirman_vihar_delhi', [], true)
 3 APPPATH\Controllers\Nirman_vihar_delhi.php(9): view('nirman_vihar_delhi')
 4 SYSTEMPATH\CodeIgniter.php(933): App\Controllers\Nirman_vihar_delhi->index()
 5 SYSTEMPATH\CodeIgniter.php(509): CodeIgniter\CodeIgniter->runController(Object(App\Controllers\Nirman_vihar_delhi))
 6 SYSTEMPATH\CodeIgniter.php(355): CodeIgniter\CodeIgniter->handleRequest(null, Object(Config\Cache), false)
 7 SYSTEMPATH\Boot.php(325): CodeIgniter\CodeIgniter->run()
 8 SYSTEMPATH\Boot.php(67): CodeIgniter\Boot::runCodeIgniter(Object(CodeIgniter\CodeIgniter))
 9 FCPATH\index.php(56): CodeIgniter\Boot::bootWeb(Object(Config\Paths))
10 SYSTEMPATH\rewrite.php(44): require_once('C:\\xampp\\htdocs\\moople\\public\\index.php')
